[14:35:54] [main/INFO] (FabricLoader/GameProvider) Loading Minecraft 1.21 with Fabric Loader 0.15.11
[14:35:54] [main/INFO] (FabricLoader) Loading 56 mods:
	- coppergenerators 1.0.0
	- coppernetworks 1.1.5
	- fabric-api 0.102.0+1.21
	- fabric-api-base 0.4.42+6573ed8cd1
	- fabric-api-lookup-api-v1 1.6.68+b5597344d1
	- fabric-biome-api-v1 13.0.29+5bd9f1bcd1
	- fabric-block-api-v1 1.0.22+0af3f5a7d1
	- fabric-block-view-api-v2 1.0.10+6573ed8cd1
	- fabric-blockrenderlayer-v1 1.1.52+0af3f5a7d1
	- fabric-client-tags-api-v1 1.1.15+6573ed8cd1
	- fabric-command-api-v1 1.2.49+f71b366fd1
	- fabric-command-api-v2 2.2.28+6ced4dd9d1
	- fabric-commands-v0 0.2.66+df3654b3d1
	- fabric-content-registries-v0 8.0.16+b5597344d1
	- fabric-convention-tags-v1 2.0.19+7f945d5bd1
	- fabric-convention-tags-v2 2.5.0+c5e2b5c6d1
	- fabric-crash-report-info-v1 0.2.29+0af3f5a7d1
	- fabric-data-attachment-api-v1 1.1.27+6a6dfa19d1
	- fabric-data-generation-api-v1 20.2.16+16c4ae25d1
	- fabric-dimensions-v1 4.0.0+6fc22b99d1
	- fabric-entity-events-v1 1.6.12+6fc22b99d1
	- fabric-events-interaction-v0 0.7.12+ba9dae06d1
	- fabric-game-rule-api-v1 1.0.53+6ced4dd9d1
	- fabric-gametest-api-v1 2.0.4+6fc22b99d1
	- fabric-item-api-v1 11.0.0+afdfc921d1
	- fabric-item-group-api-v1 4.1.4+78017270d1
	- fabric-key-binding-api-v1 1.0.47+0af3f5a7d1
	- fabric-keybindings-v0 0.2.45+df3654b3d1
	- fabric-lifecycle-events-v1 2.3.12+6c1df360d1
	- fabric-loot-api-v2 3.0.14+3f89f5a5d1
	- fabric-loot-api-v3 1.0.2+3f89f5a5d1
	- fabric-message-api-v1 6.0.13+6573ed8cd1
	- fabric-model-loading-api-v1 2.0.0+fe474d6bd1
	- fabric-networking-api-v1 4.2.2+60c3209bd1
	- fabric-object-builder-api-v1 15.2.0+a551f7a4d1
	- fabric-particles-v1 4.0.2+6573ed8cd1
	- fabric-recipe-api-v1 5.0.12+65089712d1
	- fabric-registry-sync-v0 5.1.2+60c3209bd1
	- fabric-renderer-api-v1 3.4.0+c705a49cd1
	- fabric-renderer-indigo 1.7.0+c705a49cd1
	- fabric-renderer-registries-v1 3.2.68+df3654b3d1
	- fabric-rendering-data-attachment-v1 0.3.48+73761d2ed1
	- fabric-rendering-fluids-v1 3.1.6+b5597344d1
	- fabric-rendering-v0 1.1.71+df3654b3d1
	- fabric-rendering-v1 5.0.5+df16efd0d1
	- fabric-resource-conditions-api-v1 4.3.0+8dc279b1d1
	- fabric-resource-loader-v0 1.3.0+56599129d1
	- fabric-screen-api-v1 2.0.24+b5597344d1
	- fabric-screen-handler-api-v1 1.3.86+b5597344d1
	- fabric-sound-api-v1 1.0.23+6573ed8cd1
	- fabric-transfer-api-v1 5.1.16+3dccd343d1
	- fabric-transitive-access-wideners-v1 6.1.0+176f9036d1
	- fabricloader 0.15.11
	- java 21
	- minecraft 1.21
	- mixinextras 0.3.5
[14:35:54] [main/INFO] (FabricLoader/Mixin) SpongePowered MIXIN Subsystem Version=0.8.5 Source=file:/C:/Users/wills/.gradle/caches/modules-2/files-2.1/net.fabricmc/sponge-mixin/0.13.3+mixin.0.8.5/9527e6b0d2449408958fd1302594dc65ec5ade9c/sponge-mixin-0.13.3+mixin.0.8.5.jar Service=Knot/Fabric Env=CLIENT
[14:35:54] [main/INFO] (FabricLoader/Mixin) Loaded Fabric development mappings for mixin remapper!
[14:35:54] [main/INFO] (FabricLoader/Mixin) Compatibility level set to JAVA_17
[14:35:54] [main/INFO] (FabricLoader/Mixin) Compatibility level set to JAVA_21
[14:35:56] [main/INFO] (FabricLoader/MixinExtras|Service) Initializing MixinExtras via com.llamalad7.mixinextras.service.MixinExtrasServiceImpl(version=0.3.5).
[14:35:57] [Datafixer Bootstrap/INFO] (Minecraft) 226 Datafixer optimizations took 389 milliseconds
[14:35:59] [main/WARN] (FabricLoader/Mixin) Error loading class: net/entity0/coppernetworks/copperNetworkPowerAPI (java.lang.ClassNotFoundException: net/entity0/coppernetworks/copperNetworkPowerAPI)
[14:35:59] [main/WARN] (FabricLoader/Mixin) Error loading class: net/entity0/coppernetworks/copperNetworkPowerAPI (java.lang.ClassNotFoundException: net/entity0/coppernetworks/copperNetworkPowerAPI)
[14:35:59] [main/WARN] (FabricLoader/Mixin) Error loading class: net/entity0/coppernetworks/copperNetworkPowerAPI (java.lang.ClassNotFoundException: net/entity0/coppernetworks/copperNetworkPowerAPI)
[14:35:59] [main/WARN] (FabricLoader/Mixin) Error loading class: net/entity0/coppernetworks/copperNetworkPowerAPI (java.lang.ClassNotFoundException: net/entity0/coppernetworks/copperNetworkPowerAPI)
[14:35:59] [main/WARN] (FabricLoader/Mixin) Error loading class: net/entity0/coppernetworks/copperNetworkPowerAPI (java.lang.ClassNotFoundException: net/entity0/coppernetworks/copperNetworkPowerAPI)
[14:36:00] [main/WARN] (Minecraft) Failed to get system info for GL Caps
java.lang.IllegalStateException: Rendersystem called from wrong thread
	at com.mojang.blaze3d.systems.RenderSystem.constructThreadException(RenderSystem.java:140) ~[minecraft-clientOnly-21c1384570-1.21-net.fabricmc.yarn.1_21.1.21+build.9-v2.jar:?]
	at com.mojang.blaze3d.systems.RenderSystem.assertOnRenderThread(RenderSystem.java:135) ~[minecraft-clientOnly-21c1384570-1.21-net.fabricmc.yarn.1_21.1.21+build.9-v2.jar:?]
	at com.mojang.blaze3d.systems.RenderSystem.getCapsString(RenderSystem.java:527) ~[minecraft-clientOnly-21c1384570-1.21-net.fabricmc.yarn.1_21.1.21+build.9-v2.jar:?]
	at net.minecraft.util.SystemDetails.addSection(SystemDetails.java:70) [minecraft-common-21c1384570-1.21-net.fabricmc.yarn.1_21.1.21+build.9-v2.jar:?]
	at net.minecraft.client.MinecraftClient.addSystemDetailsToCrashReport(MinecraftClient.java:2547) [minecraft-clientOnly-21c1384570-1.21-net.fabricmc.yarn.1_21.1.21+build.9-v2.jar:?]
	at net.minecraft.client.MinecraftClient.addSystemDetailsToCrashReport(MinecraftClient.java:2517) [minecraft-clientOnly-21c1384570-1.21-net.fabricmc.yarn.1_21.1.21+build.9-v2.jar:?]
	at net.minecraft.client.main.Main.main(Main.java:210) [minecraft-clientOnly-21c1384570-1.21-net.fabricmc.yarn.1_21.1.21+build.9-v2.jar:?]
	at net.fabricmc.loader.impl.game.minecraft.MinecraftGameProvider.launch(MinecraftGameProvider.java:470) [fabric-loader-0.15.11.jar:?]
	at net.fabricmc.loader.impl.launch.knot.Knot.launch(Knot.java:74) [fabric-loader-0.15.11.jar:?]
	at net.fabricmc.loader.impl.launch.knot.KnotClient.main(KnotClient.java:23) [fabric-loader-0.15.11.jar:?]
	at net.fabricmc.devlaunchinjector.Main.main(Main.java:86) [dev-launch-injector-0.2.1+build.8.jar:?]
